<?xml version="1.0" encoding="UTF-8"?>
<!-- Generated by org.testng.reporters.JUnitReportReporter -->
<testsuite hostname="scott-home-macbookpro" name="automationFramework.TestCase" tests="6" failures="0" timestamp="16 Sep 2015 09:01:59 GMT" time="40.136" errors="0">
  <testcase name="testTitle" time="0.665" classname="automationFramework.TestCase"/>
  <testcase name="testGitHubLink" time="21.950" classname="automationFramework.TestCase"/>
  <testcase name="testGitHubLink" time="9.306" classname="automationFramework.TestCase"/>
  <testcase name="testTitle" time="1.926" classname="automationFramework.TestCase"/>
  <testcase name="testProjectLink" time="3.022" classname="automationFramework.TestCase"/>
  <testcase name="testProjectLink" time="3.267" classname="automationFramework.TestCase"/>
</testsuite> <!-- automationFramework.TestCase -->
